<?xml version="1.0" encoding="UTF-8"?>
<!-- Generated by org.testng.reporters.JUnitXMLReporter -->
<testsuite ignored="0" hostname="DESKTOP-LJUN8GS" failures="0" tests="10" name="Surefire test" time="1.187" errors="0" timestamp="2024-01-27T14:01:13 EET">
  <testcase classname="main.Setup" name="@BeforeMethod initialize_browser" time="0.01">
    <failure type="java.lang.Error" message="Unresolved compilation problem: 
	browser cannot be resolved
">
      <![CDATA[java.lang.Error: Unresolved compilation problem: 
browser cannot be resolved

at main.Setup.initialize_browser(Setup.java:47)
at java.base/java.util.ArrayList.forEach(ArrayList.java:1511)
... Removed 36 stack frames]]>
    </failure>
  </testcase> <!-- @BeforeMethod initialize_browser -->
  <testcase classname="main.Setup" name="@AfterMethod close_browser" time="0.0">
    <skipped/>
  </testcase> <!-- @AfterMethod close_browser -->
  <testcase classname="main.Setup" name="@BeforeMethod initialize_browser" time="0.0">
    <skipped/>
  </testcase> <!-- @BeforeMethod initialize_browser -->
  <testcase classname="main.Setup" name="@AfterMethod close_browser" time="0.0">
    <skipped/>
  </testcase> <!-- @AfterMethod close_browser -->
  <testcase classname="main.Setup" name="@BeforeMethod initialize_browser" time="0.0">
    <skipped/>
  </testcase> <!-- @BeforeMethod initialize_browser -->
  <testcase classname="main.Setup" name="@AfterMethod close_browser" time="0.0">
    <skipped/>
  </testcase> <!-- @AfterMethod close_browser -->
  <testcase classname="main.Setup" name="@BeforeMethod initialize_browser" time="0.0">
    <skipped/>
  </testcase> <!-- @BeforeMethod initialize_browser -->
  <testcase classname="main.Setup" name="@AfterMethod close_browser" time="0.0">
    <skipped/>
  </testcase> <!-- @AfterMethod close_browser -->
  <testcase classname="main.Setup" name="@BeforeMethod initialize_browser" time="0.0">
    <skipped/>
  </testcase> <!-- @BeforeMethod initialize_browser -->
  <testcase classname="main.Setup" name="@AfterMethod close_browser" time="0.0">
    <skipped/>
  </testcase> <!-- @AfterMethod close_browser -->
  <testcase classname="main.Setup" name="@BeforeMethod initialize_browser" time="0.0">
    <skipped/>
  </testcase> <!-- @BeforeMethod initialize_browser -->
  <testcase classname="main.Setup" name="@AfterMethod close_browser" time="0.0">
    <skipped/>
  </testcase> <!-- @AfterMethod close_browser -->
  <testcase classname="main.Setup" name="@BeforeMethod initialize_browser" time="0.0">
    <skipped/>
  </testcase> <!-- @BeforeMethod initialize_browser -->
  <testcase classname="main.Setup" name="@AfterMethod close_browser" time="0.0">
    <skipped/>
  </testcase> <!-- @AfterMethod close_browser -->
  <testcase classname="main.Setup" name="@BeforeMethod initialize_browser" time="0.0">
    <skipped/>
  </testcase> <!-- @BeforeMethod initialize_browser -->
  <testcase classname="main.Setup" name="@AfterMethod close_browser" time="0.0">
    <skipped/>
  </testcase> <!-- @AfterMethod close_browser -->
  <testcase classname="main.Setup" name="@BeforeMethod initialize_browser" time="0.0">
    <skipped/>
  </testcase> <!-- @BeforeMethod initialize_browser -->
  <testcase classname="main.Setup" name="@AfterMethod close_browser" time="0.0">
    <skipped/>
  </testcase> <!-- @AfterMethod close_browser -->
  <testcase classname="main.Setup" name="@BeforeMethod initialize_browser" time="0.0">
    <skipped/>
  </testcase> <!-- @BeforeMethod initialize_browser -->
  <testcase classname="main.Setup" name="@AfterMethod close_browser" time="0.0">
    <skipped/>
  </testcase> <!-- @AfterMethod close_browser -->
  <testcase classname="tests.Tests" name="failed_json_login" time="0.0">
    <skipped/>
  </testcase> <!-- failed_json_login -->
  <testcase classname="tests.Tests" name="failed_json_login" time="0.0">
    <skipped/>
  </testcase> <!-- failed_json_login -->
  <testcase classname="tests.Tests" name="failed_json_login" time="0.0">
    <skipped/>
  </testcase> <!-- failed_json_login -->
  <testcase classname="tests.Tests" name="failed_json_login" time="0.0">
    <skipped/>
  </testcase> <!-- failed_json_login -->
  <testcase classname="tests.Tests" name="failed_login" time="0.0">
    <skipped/>
  </testcase> <!-- failed_login -->
  <testcase classname="tests.Tests" name="failed_login" time="0.0">
    <skipped/>
  </testcase> <!-- failed_login -->
  <testcase classname="tests.Tests" name="failed_login_excel" time="0.0">
    <skipped/>
  </testcase> <!-- failed_login_excel -->
  <testcase classname="tests.Tests" name="failed_login_excel" time="0.0">
    <skipped/>
  </testcase> <!-- failed_login_excel -->
  <testcase classname="tests.Tests" name="failed_login_excel" time="0.0">
    <skipped/>
  </testcase> <!-- failed_login_excel -->
  <testcase classname="tests.Tests" name="successfull_login" time="0.0">
    <skipped/>
  </testcase> <!-- successfull_login -->
</testsuite> <!-- Surefire test -->
