<?xml version="1.0" encoding="UTF-8"?>
<!-- Generated by org.testng.reporters.JUnitXMLReporter -->
<testsuite ignored="1" hostname="DESKTOP-LJUN8GS" failures="0" tests="3" name="Default test" time="19.856" errors="0" timestamp="2024-01-24T21:43:37 EET">
  <testcase classname="tests.Tests" name="failed_login" time="3.335"/>
  <testcase classname="tests.Tests" name="failed_login" time="3.258"/>
  <testcase classname="tests.Tests" name="failed_login" time="3.791"/>
  <testcase classname="tests.Tests" name="successfull_login" time="0.0">
    <ignored/>
  </testcase> <!-- successfull_login -->
</testsuite> <!-- Default test -->
