<?xml version="1.0" encoding="UTF-8"?>
<!-- Generated by org.testng.reporters.JUnitXMLReporter -->
<testsuite ignored="1" hostname="DESKTOP-LJUN8GS" failures="0" tests="4" name="Default test" time="27.138" errors="0" timestamp="2024-01-25T22:06:00 EET">
  <testcase classname="tests.Tests" name="failed_login" time="3.682"/>
  <testcase classname="tests.Tests" name="failed_login" time="5.344"/>
  <testcase classname="tests.Tests" name="failed_login" time="3.368"/>
  <testcase classname="tests.Tests" name="failed_login" time="3.148"/>
  <testcase classname="tests.Tests" name="successfull_login" time="0.0">
    <ignored/>
  </testcase> <!-- successfull_login -->
</testsuite> <!-- Default test -->
