<?xml version="1.0" encoding="UTF-8"?>
<!-- Generated by org.testng.reporters.JUnitXMLReporter -->
<testsuite ignored="0" hostname="DESKTOP-LJUN8GS" failures="0" tests="10" name="Test" time="132.463" errors="0" timestamp="2024-01-27T19:08:05 EET">
  <testcase classname="tests.Tests" name="failed_login" time="1.336"/>
  <testcase classname="tests.Tests" name="failed_login_excel" time="1.61"/>
  <testcase classname="tests.Tests" name="failed_login_excel" time="1.328"/>
  <testcase classname="tests.Tests" name="failed_login" time="1.953"/>
  <testcase classname="tests.Tests" name="failed_login_excel" time="1.109"/>
  <testcase classname="tests.Tests" name="successfull_login" time="1.295"/>
  <testcase classname="tests.Tests" name="failed_json_login" time="14.852"/>
  <testcase classname="tests.Tests" name="failed_json_login" time="0.64"/>
  <testcase classname="tests.Tests" name="failed_json_login" time="0.774"/>
  <testcase classname="tests.Tests" name="failed_json_login" time="1.007"/>
</testsuite> <!-- Test -->
