<?xml version="1.0" encoding="UTF-8"?>
<!-- Generated by org.testng.reporters.JUnitXMLReporter -->
<testsuite ignored="0" hostname="DESKTOP-LJUN8GS" failures="0" tests="10" name="Test" time="36.711" errors="0" timestamp="2024-01-27T21:42:10 EET">
  <testcase classname="tests.Tests" name="failed_json_login" time="1.177"/>
  <testcase classname="tests.Tests" name="failed_json_login" time="1.249"/>
  <testcase classname="tests.Tests" name="failed_json_login" time="1.238"/>
  <testcase classname="tests.Tests" name="failed_json_login" time="1.314"/>
  <testcase classname="tests.Tests" name="failed_login" time="1.232"/>
  <testcase classname="tests.Tests" name="failed_login" time="1.299"/>
  <testcase classname="tests.Tests" name="failed_login_excel" time="1.455"/>
  <testcase classname="tests.Tests" name="failed_login_excel" time="1.366"/>
  <testcase classname="tests.Tests" name="failed_login_excel" time="2.183"/>
  <testcase classname="tests.Tests" name="successfull_login" time="1.507"/>
</testsuite> <!-- Test -->
