<?xml version="1.0" encoding="UTF-8"?>
<!-- Generated by org.testng.reporters.JUnitXMLReporter -->
<testsuite ignored="0" hostname="DESKTOP-LJUN8GS" failures="0" tests="10" name="edge tests" time="2.834" errors="0" timestamp="2024-01-28T20:57:34 EET">
  <testcase classname="tests.Tests" name="failed_json_login" time="0.0">
    <skipped/>
  </testcase> <!-- failed_json_login -->
  <testcase classname="tests.Tests" name="failed_json_login" time="0.0">
    <skipped/>
  </testcase> <!-- failed_json_login -->
  <testcase classname="tests.Tests" name="failed_json_login" time="0.001">
    <skipped/>
  </testcase> <!-- failed_json_login -->
  <testcase classname="tests.Tests" name="failed_json_login" time="0.0">
    <skipped/>
  </testcase> <!-- failed_json_login -->
  <testcase classname="tests.Tests" name="failed_login" time="0.001">
    <skipped/>
  </testcase> <!-- failed_login -->
  <testcase classname="tests.Tests" name="failed_login" time="0.0">
    <skipped/>
  </testcase> <!-- failed_login -->
  <testcase classname="tests.Tests" name="failed_login_excel" time="0.0">
    <skipped/>
  </testcase> <!-- failed_login_excel -->
  <testcase classname="tests.Tests" name="failed_login_excel" time="0.0">
    <skipped/>
  </testcase> <!-- failed_login_excel -->
  <testcase classname="tests.Tests" name="failed_login_excel" time="0.0">
    <skipped/>
  </testcase> <!-- failed_login_excel -->
  <testcase classname="tests.Tests" name="successfull_login" time="0.0">
    <skipped/>
  </testcase> <!-- successfull_login -->
</testsuite> <!-- edge tests -->
