<?xml version="1.0" encoding="UTF-8"?>
<!-- Generated by org.testng.reporters.JUnitXMLReporter -->
<testsuite ignored="0" hostname="DESKTOP-LJUN8GS" failures="0" tests="10" name="fire fox tests" time="50.851" errors="0" timestamp="2024-01-28T20:58:22 EET">
  <testcase classname="tests.Tests" name="failed_json_login" time="1.136"/>
  <testcase classname="tests.Tests" name="failed_json_login" time="1.106"/>
  <testcase classname="tests.Tests" name="failed_json_login" time="1.289"/>
  <testcase classname="tests.Tests" name="failed_json_login" time="1.387"/>
  <testcase classname="tests.Tests" name="failed_login" time="0.959"/>
  <testcase classname="tests.Tests" name="failed_login" time="1.034"/>
  <testcase classname="tests.Tests" name="failed_login_excel" time="0.985"/>
  <testcase classname="tests.Tests" name="failed_login_excel" time="0.968"/>
  <testcase classname="tests.Tests" name="failed_login_excel" time="1.022"/>
  <testcase classname="tests.Tests" name="successfull_login" time="0.932"/>
</testsuite> <!-- fire fox tests -->
