<?xml version="1.0" encoding="UTF-8"?>
<testsuite xmlns:xsi="http://www.w3.org/2001/XMLSchema-instance" xsi:noNamespaceSchemaLocation="https://maven.apache.org/surefire/maven-surefire-plugin/xsd/surefire-test-report-3.0.xsd" version="3.0" name="TestSuite" time="51.523" tests="50" errors="0" skipped="29" failures="1">
  <properties>
[...]
</properties>
  <testcase name="initialize_browser[edge](0)" classname="tests.Tests" time="1.765">
    <failure message="Could not start a new session. Response code 500. Message: session not created: Microsoft Edge failed to start: crashed.&#10;  (session not created: DevToolsActivePort file doesn&apos;t exist)&#10;  (The process started from msedge location C:\Program Files (x86)\Microsoft\Edge\Application\msedge.exe is no longer running, so msedgedriver is assuming that msedge has crashed.) &#10;Host info: host: &apos;DESKTOP-LJUN8GS&apos;, ip: &apos;192.168.1.7&apos;&#10;Build info: version: &apos;4.16.1&apos;, revision: &apos;9b4c83354e&apos;&#10;System info: os.name: &apos;Windows 11&apos;, os.arch: &apos;amd64&apos;, os.version: &apos;10.0&apos;, java.version: &apos;17.0.6&apos;&#10;Driver info: org.openqa.selenium.edge.EdgeDriver&#10;Command: [null, newSession {capabilities=[Capabilities {browserName: MicrosoftEdge, ms:edgeOptions: {args: [--headless, --remote-allow-origins=*, --window-size=1280,800, --disable-gpu, --no-sandbox, --allow-insecure-localhost], binary: C:\Program Files (x86)\Micr..., extensions: []}}]}]" type="org.openqa.selenium.SessionNotCreatedException"><![CDATA[org.openqa.selenium.SessionNotCreatedException: 
Could not start a new session. Response code 500. Message: session not created: Microsoft Edge failed to start: crashed.
  (session not created: DevToolsActivePort file doesn't exist)
  (The process started from msedge location C:\Program Files (x86)\Microsoft\Edge\Application\msedge.exe is no longer running, so msedgedriver is assuming that msedge has crashed.) 
Host info: host: 'DESKTOP-LJUN8GS', ip: '192.168.1.7'
Build info: version: '4.16.1', revision: '9b4c83354e'
System info: os.name: 'Windows 11', os.arch: 'amd64', os.version: '10.0', java.version: '17.0.6'
Driver info: org.openqa.selenium.edge.EdgeDriver
Command: [null, newSession {capabilities=[Capabilities {browserName: MicrosoftEdge, ms:edgeOptions: {args: [--headless, --remote-allow-origins=*, --window-size=1280,800, --disable-gpu, --no-sandbox, --allow-insecure-localhost], binary: C:\Program Files (x86)\Micr..., extensions: []}}]}]
	at org.openqa.selenium.remote.ProtocolHandshake.createSession(ProtocolHandshake.java:140)
	at org.openqa.selenium.remote.ProtocolHandshake.createSession(ProtocolHandshake.java:96)
	at org.openqa.selenium.remote.ProtocolHandshake.createSession(ProtocolHandshake.java:68)
	at org.openqa.selenium.remote.HttpCommandExecutor.execute(HttpCommandExecutor.java:163)
	at org.openqa.selenium.remote.service.DriverCommandExecutor.invokeExecute(DriverCommandExecutor.java:200)
	at org.openqa.selenium.remote.service.DriverCommandExecutor.execute(DriverCommandExecutor.java:175)
	at org.openqa.selenium.remote.RemoteWebDriver.execute(RemoteWebDriver.java:523)
	at org.openqa.selenium.remote.RemoteWebDriver.startSession(RemoteWebDriver.java:237)
	at org.openqa.selenium.remote.RemoteWebDriver.<init>(RemoteWebDriver.java:164)
	at org.openqa.selenium.chromium.ChromiumDriver.<init>(ChromiumDriver.java:114)
	at org.openqa.selenium.edge.EdgeDriver.<init>(EdgeDriver.java:61)
	at org.openqa.selenium.edge.EdgeDriver.<init>(EdgeDriver.java:57)
	at org.openqa.selenium.edge.EdgeDriver.<init>(EdgeDriver.java:49)
	at browsers.Edge.init_edge(Edge.java:19)
	at main.Setup.initialize_browser(Setup.java:53)
	at java.base/jdk.internal.reflect.NativeMethodAccessorImpl.invoke0(Native Method)
	at java.base/jdk.internal.reflect.NativeMethodAccessorImpl.invoke(NativeMethodAccessorImpl.java:77)
	at java.base/jdk.internal.reflect.DelegatingMethodAccessorImpl.invoke(DelegatingMethodAccessorImpl.java:43)
	at java.base/java.lang.reflect.Method.invoke(Method.java:568)
	at org.testng.internal.invokers.MethodInvocationHelper.invokeMethod(MethodInvocationHelper.java:139)
	at org.testng.internal.invokers.MethodInvocationHelper.invokeMethodConsideringTimeout(MethodInvocationHelper.java:69)
	at org.testng.internal.invokers.ConfigInvoker.invokeConfigurationMethod(ConfigInvoker.java:393)
	at org.testng.internal.invokers.ConfigInvoker.invokeConfigurations(ConfigInvoker.java:326)
	at org.testng.internal.invokers.TestInvoker.runConfigMethods(TestInvoker.java:810)
	at org.testng.internal.invokers.TestInvoker.invokeMethod(TestInvoker.java:578)
	at org.testng.internal.invokers.TestInvoker.invokeTestMethod(TestInvoker.java:228)
	at org.testng.internal.invokers.MethodRunner.runInSequence(MethodRunner.java:63)
	at org.testng.internal.invokers.TestInvoker$MethodInvocationAgent.invoke(TestInvoker.java:961)
	at org.testng.internal.invokers.TestInvoker.invokeTestMethods(TestInvoker.java:201)
	at org.testng.internal.invokers.TestMethodWorker.invokeTestMethods(TestMethodWorker.java:148)
	at org.testng.internal.invokers.TestMethodWorker.run(TestMethodWorker.java:128)
	at java.base/java.util.ArrayList.forEach(ArrayList.java:1511)
	at org.testng.TestRunner.privateRun(TestRunner.java:819)
	at org.testng.TestRunner.run(TestRunner.java:619)
	at org.testng.SuiteRunner.runTest(SuiteRunner.java:443)
	at org.testng.SuiteRunner$SuiteWorker.run(SuiteRunner.java:481)
	at org.testng.internal.thread.ThreadUtil.lambda$execute$0(ThreadUtil.java:58)
	at java.base/java.util.concurrent.FutureTask.run(FutureTask.java:264)
	at java.base/java.util.concurrent.ThreadPoolExecutor.runWorker(ThreadPoolExecutor.java:1136)
	at java.base/java.util.concurrent.ThreadPoolExecutor$Worker.run(ThreadPoolExecutor.java:635)
	at java.base/java.lang.Thread.run(Thread.java:833)
]]></failure>
    <system-err><![CDATA[SLF4J: Failed to load class "org.slf4j.impl.StaticLoggerBinder".
SLF4J: Defaulting to no-operation (NOP) logger implementation
SLF4J: See http://www.slf4j.org/codes.html#StaticLoggerBinder for further details.
]]></system-err>
  </testcase>
  <testcase name="failed_json_login[21,hhj](1)" classname="tests.Tests" time="0.0">
    <skipped message="Could not start a new session. Response code 500. Message: session not created: Microsoft Edge failed to start: crashed.&#10;  (session not created: DevToolsActivePort file doesn&apos;t exist)&#10;  (The process started from msedge location C:\Program Files (x86)\Microsoft\Edge\Application\msedge.exe is no longer running, so msedgedriver is assuming that msedge has crashed.) &#10;Host info: host: &apos;DESKTOP-LJUN8GS&apos;, ip: &apos;192.168.1.7&apos;&#10;Build info: version: &apos;4.16.1&apos;, revision: &apos;9b4c83354e&apos;&#10;System info: os.name: &apos;Windows 11&apos;, os.arch: &apos;amd64&apos;, os.version: &apos;10.0&apos;, java.version: &apos;17.0.6&apos;&#10;Driver info: org.openqa.selenium.edge.EdgeDriver&#10;Command: [null, newSession {capabilities=[Capabilities {browserName: MicrosoftEdge, ms:edgeOptions: {args: [--headless, --remote-allow-origins=*, --window-size=1280,800, --disable-gpu, --no-sandbox, --allow-insecure-localhost], binary: C:\Program Files (x86)\Micr..., extensions: []}}]}]"/>
  </testcase>
  <testcase name="failed_json_login[21,hhj](1)" classname="tests.Tests" time="0.44">
    <system-out><![CDATA[&amp#27;[32m2024 01 28 20 01 34 [TestNG-tests-1] INFO : start fire fox browser
&amp#27;[m&amp#27;[32m2024 01 28 20 01 34 [TestNG-tests-2] INFO : navigate to https://57191627-master-all.runbot138.odoo.com/
&amp#27;[m&amp#27;[32m2024 01 28 20 01 35 [TestNG-tests-2] INFO : clicking the home page sign in button link
&amp#27;[m&amp#27;[32m2024 01 28 20 01 35 [TestNG-tests-2] INFO : typing 21 at user name field
&amp#27;[m&amp#27;[32m2024 01 28 20 01 35 [TestNG-tests-2] INFO : typing hhj at password field
&amp#27;[m&amp#27;[32m2024 01 28 20 01 35 [TestNG-tests-1] INFO : navigate to https://57191627-master-all.runbot138.odoo.com/
&amp#27;[m&amp#27;[32m2024 01 28 20 01 36 [TestNG-tests-2] INFO : clicking the login button
&amp#27;[m]]></system-out>
  </testcase>
  <testcase name="failed_json_login[21,hhj](1)" classname="tests.Tests" time="1.139">
    <system-out><![CDATA[&amp#27;[32m2024 01 28 20 01 36 [TestNG-tests-1] INFO : clicking the home page sign in button link
&amp#27;[m&amp#27;[32m2024 01 28 20 01 36 [TestNG-tests-2] INFO : close browser
&amp#27;[m&amp#27;[32m2024 01 28 20 01 36 [TestNG-tests-1] INFO : typing 21 at user name field
&amp#27;[m&amp#27;[32m2024 01 28 20 01 36 [TestNG-tests-1] INFO : typing hhj at password field
&amp#27;[m&amp#27;[32m2024 01 28 20 01 37 [TestNG-tests-1] INFO : clicking the login button
&amp#27;[m]]></system-out>
  </testcase>
  <testcase name="close_browser" classname="tests.Tests" time="0.0">
    <skipped/>
  </testcase>
  <testcase name="close_browser" classname="tests.Tests" time="0.0">
    <skipped/>
  </testcase>
  <testcase name="close_browser" classname="tests.Tests" time="0.0">
    <skipped/>
  </testcase>
  <testcase name="close_browser" classname="tests.Tests" time="0.0">
    <skipped/>
  </testcase>
  <testcase name="close_browser" classname="tests.Tests" time="0.0">
    <skipped/>
  </testcase>
  <testcase name="close_browser" classname="tests.Tests" time="0.0">
    <skipped/>
  </testcase>
  <testcase name="close_browser" classname="tests.Tests" time="0.0">
    <skipped/>
  </testcase>
  <testcase name="close_browser" classname="tests.Tests" time="0.0">
    <skipped/>
  </testcase>
  <testcase name="close_browser" classname="tests.Tests" time="0.0">
    <skipped/>
  </testcase>
  <testcase name="close_browser" classname="tests.Tests" time="0.0">
    <skipped/>
  </testcase>
  <testcase name="initialize_browser" classname="tests.Tests" time="0.0">
    <skipped/>
  </testcase>
  <testcase name="initialize_browser" classname="tests.Tests" time="0.0">
    <skipped/>
  </testcase>
  <testcase name="initialize_browser" classname="tests.Tests" time="0.0">
    <skipped/>
  </testcase>
  <testcase name="initialize_browser" classname="tests.Tests" time="0.0">
    <skipped/>
  </testcase>
  <testcase name="initialize_browser" classname="tests.Tests" time="0.0">
    <skipped/>
  </testcase>
  <testcase name="initialize_browser" classname="tests.Tests" time="0.0">
    <skipped/>
    <system-out><![CDATA[&amp#27;[32m2024 01 28 20 01 33 [TestNG-tests-2] INFO : start chrome browser
&amp#27;[m]]></system-out>
    <system-err><![CDATA[Jan 28, 2024 8:57:32 PM org.openqa.selenium.devtools.CdpVersionFinder findNearestMatch
WARNING: Unable to find an exact match for CDP version 121, returning the closest version; found: 120; Please update to a Selenium version that supports CDP version 121
]]></system-err>
  </testcase>
  <testcase name="initialize_browser" classname="tests.Tests" time="0.0">
    <skipped/>
  </testcase>
  <testcase name="initialize_browser" classname="tests.Tests" time="0.0">
    <skipped/>
  </testcase>
  <testcase name="initialize_browser" classname="tests.Tests" time="0.0">
    <skipped/>
  </testcase>
  <testcase name="failed_json_login[,43dffdf](2)" classname="tests.Tests" time="0.0">
    <skipped message="Could not start a new session. Response code 500. Message: session not created: Microsoft Edge failed to start: crashed.&#10;  (session not created: DevToolsActivePort file doesn&apos;t exist)&#10;  (The process started from msedge location C:\Program Files (x86)\Microsoft\Edge\Application\msedge.exe is no longer running, so msedgedriver is assuming that msedge has crashed.) &#10;Host info: host: &apos;DESKTOP-LJUN8GS&apos;, ip: &apos;192.168.1.7&apos;&#10;Build info: version: &apos;4.16.1&apos;, revision: &apos;9b4c83354e&apos;&#10;System info: os.name: &apos;Windows 11&apos;, os.arch: &apos;amd64&apos;, os.version: &apos;10.0&apos;, java.version: &apos;17.0.6&apos;&#10;Driver info: org.openqa.selenium.edge.EdgeDriver&#10;Command: [null, newSession {capabilities=[Capabilities {browserName: MicrosoftEdge, ms:edgeOptions: {args: [--headless, --remote-allow-origins=*, --window-size=1280,800, --disable-gpu, --no-sandbox, --allow-insecure-localhost], binary: C:\Program Files (x86)\Micr..., extensions: []}}]}]"/>
  </testcase>
  <testcase name="failed_json_login[,43dffdf](2)" classname="tests.Tests" time="1.519">
    <system-out><![CDATA[&amp#27;[32m2024 01 28 20 01 37 [TestNG-tests-2] INFO : start chrome browser
&amp#27;[m&amp#27;[32m2024 01 28 20 01 37 [TestNG-tests-1] INFO : close browser
&amp#27;[m&amp#27;[32m2024 01 28 20 01 38 [TestNG-tests-2] INFO : navigate to https://57191627-master-all.runbot138.odoo.com/
&amp#27;[m&amp#27;[32m2024 01 28 20 01 39 [TestNG-tests-2] INFO : clicking the home page sign in button link
&amp#27;[m&amp#27;[32m2024 01 28 20 01 39 [TestNG-tests-2] INFO : typing  at user name field
&amp#27;[m&amp#27;[32m2024 01 28 20 01 39 [TestNG-tests-2] INFO : typing 43dffdf at password field
&amp#27;[m&amp#27;[32m2024 01 28 20 01 39 [TestNG-tests-1] INFO : start fire fox browser
&amp#27;[m&amp#27;[32m2024 01 28 20 01 39 [TestNG-tests-2] INFO : clicking the login button
&amp#27;[m]]></system-out>
    <system-err><![CDATA[Jan 28, 2024 8:57:37 PM org.openqa.selenium.devtools.CdpVersionFinder findNearestMatch
WARNING: Unable to find an exact match for CDP version 121, returning the closest version; found: 120; Please update to a Selenium version that supports CDP version 121
]]></system-err>
  </testcase>
  <testcase name="failed_json_login[,43dffdf](2)" classname="tests.Tests" time="1.107">
    <system-out><![CDATA[&amp#27;[32m2024 01 28 20 01 40 [TestNG-tests-2] INFO : close browser
&amp#27;[m&amp#27;[32m2024 01 28 20 01 41 [TestNG-tests-1] INFO : navigate to https://57191627-master-all.runbot138.odoo.com/
&amp#27;[m&amp#27;[32m2024 01 28 20 01 41 [TestNG-tests-2] INFO : start chrome browser
&amp#27;[m&amp#27;[32m2024 01 28 20 01 41 [TestNG-tests-1] INFO : clicking the home page sign in button link
&amp#27;[m&amp#27;[32m2024 01 28 20 01 41 [TestNG-tests-1] INFO : typing  at user name field
&amp#27;[m&amp#27;[32m2024 01 28 20 01 41 [TestNG-tests-1] INFO : typing 43dffdf at password field
&amp#27;[m&amp#27;[32m2024 01 28 20 01 42 [TestNG-tests-1] INFO : clicking the login button
&amp#27;[m]]></system-out>
    <system-err><![CDATA[Jan 28, 2024 8:57:41 PM org.openqa.selenium.devtools.CdpVersionFinder findNearestMatch
WARNING: Unable to find an exact match for CDP version 121, returning the closest version; found: 120; Please update to a Selenium version that supports CDP version 121
]]></system-err>
  </testcase>
  <testcase name="failed_json_login[gd,4dsfxvcz](3)" classname="tests.Tests" time="0.0">
    <skipped message="Could not start a new session. Response code 500. Message: session not created: Microsoft Edge failed to start: crashed.&#10;  (session not created: DevToolsActivePort file doesn&apos;t exist)&#10;  (The process started from msedge location C:\Program Files (x86)\Microsoft\Edge\Application\msedge.exe is no longer running, so msedgedriver is assuming that msedge has crashed.) &#10;Host info: host: &apos;DESKTOP-LJUN8GS&apos;, ip: &apos;192.168.1.7&apos;&#10;Build info: version: &apos;4.16.1&apos;, revision: &apos;9b4c83354e&apos;&#10;System info: os.name: &apos;Windows 11&apos;, os.arch: &apos;amd64&apos;, os.version: &apos;10.0&apos;, java.version: &apos;17.0.6&apos;&#10;Driver info: org.openqa.selenium.edge.EdgeDriver&#10;Command: [null, newSession {capabilities=[Capabilities {browserName: MicrosoftEdge, ms:edgeOptions: {args: [--headless, --remote-allow-origins=*, --window-size=1280,800, --disable-gpu, --no-sandbox, --allow-insecure-localhost], binary: C:\Program Files (x86)\Micr..., extensions: []}}]}]"/>
  </testcase>
  <testcase name="failed_json_login[gd,4dsfxvcz](3)" classname="tests.Tests" time="1.808">
    <system-out><![CDATA[&amp#27;[32m2024 01 28 20 01 43 [TestNG-tests-1] INFO : close browser
&amp#27;[m&amp#27;[32m2024 01 28 20 01 43 [TestNG-tests-2] INFO : navigate to https://57191627-master-all.runbot138.odoo.com/
&amp#27;[m&amp#27;[32m2024 01 28 20 01 43 [TestNG-tests-2] INFO : clicking the home page sign in button link
&amp#27;[m&amp#27;[32m2024 01 28 20 01 43 [TestNG-tests-2] INFO : typing gd at user name field
&amp#27;[m&amp#27;[32m2024 01 28 20 01 43 [TestNG-tests-2] INFO : typing 4dsfxvcz at password field
&amp#27;[m&amp#27;[32m2024 01 28 20 01 44 [TestNG-tests-1] INFO : start fire fox browser
&amp#27;[m&amp#27;[32m2024 01 28 20 01 45 [TestNG-tests-2] INFO : clicking the login button
&amp#27;[m]]></system-out>
  </testcase>
  <testcase name="failed_json_login[gd,4dsfxvcz](3)" classname="tests.Tests" time="0.596">
    <system-out><![CDATA[&amp#27;[32m2024 01 28 20 01 45 [TestNG-tests-2] INFO : close browser
&amp#27;[m&amp#27;[32m2024 01 28 20 01 45 [TestNG-tests-2] INFO : start chrome browser
&amp#27;[m&amp#27;[32m2024 01 28 20 01 46 [TestNG-tests-1] INFO : navigate to https://57191627-master-all.runbot138.odoo.com/
&amp#27;[m&amp#27;[32m2024 01 28 20 01 46 [TestNG-tests-1] INFO : clicking the home page sign in button link
&amp#27;[m&amp#27;[32m2024 01 28 20 01 46 [TestNG-tests-1] INFO : typing gd at user name field
&amp#27;[m&amp#27;[32m2024 01 28 20 01 46 [TestNG-tests-1] INFO : typing 4dsfxvcz at password field
&amp#27;[m&amp#27;[32m2024 01 28 20 01 46 [TestNG-tests-2] INFO : navigate to https://57191627-master-all.runbot138.odoo.com/
&amp#27;[m&amp#27;[32m2024 01 28 20 01 47 [TestNG-tests-1] INFO : clicking the login button
&amp#27;[m]]></system-out>
    <system-err><![CDATA[Jan 28, 2024 8:57:45 PM org.openqa.selenium.devtools.CdpVersionFinder findNearestMatch
WARNING: Unable to find an exact match for CDP version 121, returning the closest version; found: 120; Please update to a Selenium version that supports CDP version 121
]]></system-err>
  </testcase>
  <testcase name="failed_json_login[n kn,435](4)" classname="tests.Tests" time="0.0">
    <skipped message="Could not start a new session. Response code 500. Message: session not created: Microsoft Edge failed to start: crashed.&#10;  (session not created: DevToolsActivePort file doesn&apos;t exist)&#10;  (The process started from msedge location C:\Program Files (x86)\Microsoft\Edge\Application\msedge.exe is no longer running, so msedgedriver is assuming that msedge has crashed.) &#10;Host info: host: &apos;DESKTOP-LJUN8GS&apos;, ip: &apos;192.168.1.7&apos;&#10;Build info: version: &apos;4.16.1&apos;, revision: &apos;9b4c83354e&apos;&#10;System info: os.name: &apos;Windows 11&apos;, os.arch: &apos;amd64&apos;, os.version: &apos;10.0&apos;, java.version: &apos;17.0.6&apos;&#10;Driver info: org.openqa.selenium.edge.EdgeDriver&#10;Command: [null, newSession {capabilities=[Capabilities {browserName: MicrosoftEdge, ms:edgeOptions: {args: [--headless, --remote-allow-origins=*, --window-size=1280,800, --disable-gpu, --no-sandbox, --allow-insecure-localhost], binary: C:\Program Files (x86)\Micr..., extensions: []}}]}]"/>
  </testcase>
  <testcase name="failed_json_login[n kn,435](4)" classname="tests.Tests" time="2.157">
    <system-out><![CDATA[&amp#27;[32m2024 01 28 20 01 47 [TestNG-tests-2] INFO : clicking the home page sign in button link
&amp#27;[m&amp#27;[32m2024 01 28 20 01 47 [TestNG-tests-2] INFO : typing n kn at user name field
&amp#27;[m&amp#27;[32m2024 01 28 20 01 47 [TestNG-tests-2] INFO : typing 435 at password field
&amp#27;[m&amp#27;[32m2024 01 28 20 01 48 [TestNG-tests-1] INFO : close browser
&amp#27;[m&amp#27;[32m2024 01 28 20 01 49 [TestNG-tests-2] INFO : clicking the login button
&amp#27;[m]]></system-out>
  </testcase>
  <testcase name="failed_json_login[n kn,435](4)" classname="tests.Tests" time="1.389">
    <system-out><![CDATA[&amp#27;[32m2024 01 28 20 01 52 [TestNG-tests-1] INFO : clicking the login button
&amp#27;[m]]></system-out>
  </testcase>
  <testcase name="failed_login[jk, ljnm](1)" classname="tests.Tests" time="0.0">
    <skipped message="Could not start a new session. Response code 500. Message: session not created: Microsoft Edge failed to start: crashed.&#10;  (session not created: DevToolsActivePort file doesn&apos;t exist)&#10;  (The process started from msedge location C:\Program Files (x86)\Microsoft\Edge\Application\msedge.exe is no longer running, so msedgedriver is assuming that msedge has crashed.) &#10;Host info: host: &apos;DESKTOP-LJUN8GS&apos;, ip: &apos;192.168.1.7&apos;&#10;Build info: version: &apos;4.16.1&apos;, revision: &apos;9b4c83354e&apos;&#10;System info: os.name: &apos;Windows 11&apos;, os.arch: &apos;amd64&apos;, os.version: &apos;10.0&apos;, java.version: &apos;17.0.6&apos;&#10;Driver info: org.openqa.selenium.edge.EdgeDriver&#10;Command: [null, newSession {capabilities=[Capabilities {browserName: MicrosoftEdge, ms:edgeOptions: {args: [--headless, --remote-allow-origins=*, --window-size=1280,800, --disable-gpu, --no-sandbox, --allow-insecure-localhost], binary: C:\Program Files (x86)\Micr..., extensions: []}}]}]"/>
  </testcase>
  <testcase name="failed_login[jk, ljnm](1)" classname="tests.Tests" time="1.169">
    <system-out><![CDATA[&amp#27;[32m2024 01 28 20 01 49 [TestNG-tests-2] INFO : close browser
&amp#27;[m&amp#27;[32m2024 01 28 20 01 50 [TestNG-tests-2] INFO : start chrome browser
&amp#27;[m&amp#27;[32m2024 01 28 20 01 50 [TestNG-tests-1] INFO : start fire fox browser
&amp#27;[m&amp#27;[32m2024 01 28 20 01 50 [TestNG-tests-2] INFO : navigate to https://57191627-master-all.runbot138.odoo.com/
&amp#27;[m&amp#27;[32m2024 01 28 20 01 51 [TestNG-tests-1] INFO : navigate to https://57191627-master-all.runbot138.odoo.com/
&amp#27;[m&amp#27;[32m2024 01 28 20 01 51 [TestNG-tests-2] INFO : clicking the home page sign in button link
&amp#27;[m&amp#27;[32m2024 01 28 20 01 51 [TestNG-tests-2] INFO : typing jk at user name field
&amp#27;[m&amp#27;[32m2024 01 28 20 01 51 [TestNG-tests-2] INFO : typing ljnm at password field
&amp#27;[m&amp#27;[32m2024 01 28 20 01 51 [TestNG-tests-1] INFO : clicking the home page sign in button link
&amp#27;[m&amp#27;[32m2024 01 28 20 01 51 [TestNG-tests-1] INFO : typing n kn at user name field
&amp#27;[m&amp#27;[32m2024 01 28 20 01 51 [TestNG-tests-1] INFO : typing 435 at password field
&amp#27;[m&amp#27;[32m2024 01 28 20 01 52 [TestNG-tests-2] INFO : clicking the login button
&amp#27;[m]]></system-out>
    <system-err><![CDATA[Jan 28, 2024 8:57:50 PM org.openqa.selenium.devtools.CdpVersionFinder findNearestMatch
WARNING: Unable to find an exact match for CDP version 121, returning the closest version; found: 120; Please update to a Selenium version that supports CDP version 121
]]></system-err>
  </testcase>
  <testcase name="failed_login[jk, ljnm](1)" classname="tests.Tests" time="0.96">
    <system-out><![CDATA[&amp#27;[32m2024 01 28 20 01 57 [TestNG-tests-1] INFO : navigate to https://57191627-master-all.runbot138.odoo.com/
&amp#27;[m&amp#27;[32m2024 01 28 20 01 57 [TestNG-tests-2] INFO : close browser
&amp#27;[m&amp#27;[32m2024 01 28 20 01 57 [TestNG-tests-1] INFO : clicking the home page sign in button link
&amp#27;[m&amp#27;[32m2024 01 28 20 01 57 [TestNG-tests-1] INFO : typing jk at user name field
&amp#27;[m&amp#27;[32m2024 01 28 20 01 57 [TestNG-tests-1] INFO : typing ljnm at password field
&amp#27;[m&amp#27;[32m2024 01 28 20 01 58 [TestNG-tests-1] INFO : clicking the login button
&amp#27;[m]]></system-out>
  </testcase>
  <testcase name="failed_login[sjd, sdfkj](2)" classname="tests.Tests" time="0.0">
    <skipped message="Could not start a new session. Response code 500. Message: session not created: Microsoft Edge failed to start: crashed.&#10;  (session not created: DevToolsActivePort file doesn&apos;t exist)&#10;  (The process started from msedge location C:\Program Files (x86)\Microsoft\Edge\Application\msedge.exe is no longer running, so msedgedriver is assuming that msedge has crashed.) &#10;Host info: host: &apos;DESKTOP-LJUN8GS&apos;, ip: &apos;192.168.1.7&apos;&#10;Build info: version: &apos;4.16.1&apos;, revision: &apos;9b4c83354e&apos;&#10;System info: os.name: &apos;Windows 11&apos;, os.arch: &apos;amd64&apos;, os.version: &apos;10.0&apos;, java.version: &apos;17.0.6&apos;&#10;Driver info: org.openqa.selenium.edge.EdgeDriver&#10;Command: [null, newSession {capabilities=[Capabilities {browserName: MicrosoftEdge, ms:edgeOptions: {args: [--headless, --remote-allow-origins=*, --window-size=1280,800, --disable-gpu, --no-sandbox, --allow-insecure-localhost], binary: C:\Program Files (x86)\Micr..., extensions: []}}]}]"/>
  </testcase>
  <testcase name="failed_login[sjd, sdfkj](2)" classname="tests.Tests" time="2.117">
    <system-out><![CDATA[&amp#27;[32m2024 01 28 20 01 53 [TestNG-tests-2] INFO : close browser
&amp#27;[m&amp#27;[32m2024 01 28 20 01 53 [TestNG-tests-1] INFO : close browser
&amp#27;[m&amp#27;[32m2024 01 28 20 01 54 [TestNG-tests-2] INFO : start chrome browser
&amp#27;[m&amp#27;[32m2024 01 28 20 01 54 [TestNG-tests-2] INFO : navigate to https://57191627-master-all.runbot138.odoo.com/
&amp#27;[m&amp#27;[32m2024 01 28 20 01 55 [TestNG-tests-1] INFO : start fire fox browser
&amp#27;[m&amp#27;[32m2024 01 28 20 01 55 [TestNG-tests-2] INFO : clicking the home page sign in button link
&amp#27;[m&amp#27;[32m2024 01 28 20 01 55 [TestNG-tests-2] INFO : typing sjd at user name field
&amp#27;[m&amp#27;[32m2024 01 28 20 01 55 [TestNG-tests-2] INFO : typing sdfkj at password field
&amp#27;[m&amp#27;[32m2024 01 28 20 01 57 [TestNG-tests-2] INFO : clicking the login button
&amp#27;[m]]></system-out>
    <system-err><![CDATA[Jan 28, 2024 8:57:54 PM org.openqa.selenium.devtools.CdpVersionFinder findNearestMatch
WARNING: Unable to find an exact match for CDP version 121, returning the closest version; found: 120; Please update to a Selenium version that supports CDP version 121
]]></system-err>
  </testcase>
  <testcase name="failed_login[sjd, sdfkj](2)" classname="tests.Tests" time="1.036">
    <system-out><![CDATA[&amp#27;[32m2024 01 28 20 01 01 [TestNG-tests-2] INFO : close browser
&amp#27;[m&amp#27;[32m2024 01 28 20 01 01 [TestNG-tests-1] INFO : navigate to https://57191627-master-all.runbot138.odoo.com/
&amp#27;[m&amp#27;[32m2024 01 28 20 01 02 [TestNG-tests-1] INFO : clicking the home page sign in button link
&amp#27;[m&amp#27;[32m2024 01 28 20 01 02 [TestNG-tests-1] INFO : typing sjd at user name field
&amp#27;[m&amp#27;[32m2024 01 28 20 01 02 [TestNG-tests-1] INFO : typing sdfkj at password field
&amp#27;[m&amp#27;[32m2024 01 28 20 01 02 [TestNG-tests-2] INFO : start chrome browser
&amp#27;[m&amp#27;[32m2024 01 28 20 01 02 [TestNG-tests-1] INFO : clicking the login button
&amp#27;[m]]></system-out>
    <system-err><![CDATA[Jan 28, 2024 8:58:02 PM org.openqa.selenium.devtools.CdpVersionFinder findNearestMatch
WARNING: Unable to find an exact match for CDP version 121, returning the closest version; found: 120; Please update to a Selenium version that supports CDP version 121
]]></system-err>
  </testcase>
  <testcase name="failed_login_excel[salah1, efsd](1)" classname="tests.Tests" time="0.0">
    <skipped message="Could not start a new session. Response code 500. Message: session not created: Microsoft Edge failed to start: crashed.&#10;  (session not created: DevToolsActivePort file doesn&apos;t exist)&#10;  (The process started from msedge location C:\Program Files (x86)\Microsoft\Edge\Application\msedge.exe is no longer running, so msedgedriver is assuming that msedge has crashed.) &#10;Host info: host: &apos;DESKTOP-LJUN8GS&apos;, ip: &apos;192.168.1.7&apos;&#10;Build info: version: &apos;4.16.1&apos;, revision: &apos;9b4c83354e&apos;&#10;System info: os.name: &apos;Windows 11&apos;, os.arch: &apos;amd64&apos;, os.version: &apos;10.0&apos;, java.version: &apos;17.0.6&apos;&#10;Driver info: org.openqa.selenium.edge.EdgeDriver&#10;Command: [null, newSession {capabilities=[Capabilities {browserName: MicrosoftEdge, ms:edgeOptions: {args: [--headless, --remote-allow-origins=*, --window-size=1280,800, --disable-gpu, --no-sandbox, --allow-insecure-localhost], binary: C:\Program Files (x86)\Micr..., extensions: []}}]}]"/>
  </testcase>
  <testcase name="failed_login_excel[salah1, efsd](1)" classname="tests.Tests" time="2.074">
    <system-out><![CDATA[&amp#27;[32m2024 01 28 20 01 58 [TestNG-tests-2] INFO : start chrome browser
&amp#27;[m&amp#27;[32m2024 01 28 20 01 58 [TestNG-tests-1] INFO : close browser
&amp#27;[m&amp#27;[32m2024 01 28 20 01 59 [TestNG-tests-2] INFO : navigate to https://57191627-master-all.runbot138.odoo.com/
&amp#27;[m&amp#27;[32m2024 01 28 20 01 59 [TestNG-tests-2] INFO : clicking the home page sign in button link
&amp#27;[m&amp#27;[32m2024 01 28 20 01 00 [TestNG-tests-2] INFO : typing salah1 at user name field
&amp#27;[m&amp#27;[32m2024 01 28 20 01 00 [TestNG-tests-2] INFO : typing efsd at password field
&amp#27;[m&amp#27;[32m2024 01 28 20 01 00 [TestNG-tests-1] INFO : start fire fox browser
&amp#27;[m&amp#27;[32m2024 01 28 20 01 01 [TestNG-tests-2] INFO : clicking the login button
&amp#27;[m]]></system-out>
    <system-err><![CDATA[Jan 28, 2024 8:57:58 PM org.openqa.selenium.devtools.CdpVersionFinder findNearestMatch
WARNING: Unable to find an exact match for CDP version 121, returning the closest version; found: 120; Please update to a Selenium version that supports CDP version 121
]]></system-err>
  </testcase>
  <testcase name="failed_login_excel[salah1, efsd](1)" classname="tests.Tests" time="0.986">
    <system-out><![CDATA[&amp#27;[32m2024 01 28 20 01 05 [TestNG-tests-2] INFO : close browser
&amp#27;[m&amp#27;[32m2024 01 28 20 01 06 [TestNG-tests-1] INFO : navigate to https://57191627-master-all.runbot138.odoo.com/
&amp#27;[m&amp#27;[32m2024 01 28 20 01 06 [TestNG-tests-1] INFO : clicking the home page sign in button link
&amp#27;[m&amp#27;[32m2024 01 28 20 01 06 [TestNG-tests-1] INFO : typing salah1 at user name field
&amp#27;[m&amp#27;[32m2024 01 28 20 01 06 [TestNG-tests-2] INFO : start chrome browser
&amp#27;[m&amp#27;[32m2024 01 28 20 01 06 [TestNG-tests-1] INFO : typing efsd at password field
&amp#27;[m&amp#27;[32m2024 01 28 20 01 07 [TestNG-tests-1] INFO : clicking the login button
&amp#27;[m]]></system-out>
    <system-err><![CDATA[Jan 28, 2024 8:58:06 PM org.openqa.selenium.devtools.CdpVersionFinder findNearestMatch
WARNING: Unable to find an exact match for CDP version 121, returning the closest version; found: 120; Please update to a Selenium version that supports CDP version 121
]]></system-err>
  </testcase>
  <testcase name="failed_login_excel[salah2, dsfx](2)" classname="tests.Tests" time="0.0">
    <skipped message="Could not start a new session. Response code 500. Message: session not created: Microsoft Edge failed to start: crashed.&#10;  (session not created: DevToolsActivePort file doesn&apos;t exist)&#10;  (The process started from msedge location C:\Program Files (x86)\Microsoft\Edge\Application\msedge.exe is no longer running, so msedgedriver is assuming that msedge has crashed.) &#10;Host info: host: &apos;DESKTOP-LJUN8GS&apos;, ip: &apos;192.168.1.7&apos;&#10;Build info: version: &apos;4.16.1&apos;, revision: &apos;9b4c83354e&apos;&#10;System info: os.name: &apos;Windows 11&apos;, os.arch: &apos;amd64&apos;, os.version: &apos;10.0&apos;, java.version: &apos;17.0.6&apos;&#10;Driver info: org.openqa.selenium.edge.EdgeDriver&#10;Command: [null, newSession {capabilities=[Capabilities {browserName: MicrosoftEdge, ms:edgeOptions: {args: [--headless, --remote-allow-origins=*, --window-size=1280,800, --disable-gpu, --no-sandbox, --allow-insecure-localhost], binary: C:\Program Files (x86)\Micr..., extensions: []}}]}]"/>
  </testcase>
  <testcase name="failed_login_excel[salah2, dsfx](2)" classname="tests.Tests" time="1.831">
    <system-out><![CDATA[&amp#27;[32m2024 01 28 20 01 03 [TestNG-tests-1] INFO : close browser
&amp#27;[m&amp#27;[32m2024 01 28 20 01 03 [TestNG-tests-2] INFO : navigate to https://57191627-master-all.runbot138.odoo.com/
&amp#27;[m&amp#27;[32m2024 01 28 20 01 04 [TestNG-tests-2] INFO : clicking the home page sign in button link
&amp#27;[m&amp#27;[32m2024 01 28 20 01 04 [TestNG-tests-2] INFO : typing salah2 at user name field
&amp#27;[m&amp#27;[32m2024 01 28 20 01 04 [TestNG-tests-2] INFO : typing dsfx at password field
&amp#27;[m&amp#27;[32m2024 01 28 20 01 05 [TestNG-tests-1] INFO : start fire fox browser
&amp#27;[m&amp#27;[32m2024 01 28 20 01 05 [TestNG-tests-2] INFO : clicking the login button
&amp#27;[m]]></system-out>
  </testcase>
  <testcase name="failed_login_excel[salah2, dsfx](2)" classname="tests.Tests" time="0.969">
    <system-out><![CDATA[&amp#27;[32m2024 01 28 20 01 10 [TestNG-tests-2] INFO : close browser
&amp#27;[m&amp#27;[32m2024 01 28 20 01 11 [TestNG-tests-1] INFO : navigate to https://57191627-master-all.runbot138.odoo.com/
&amp#27;[m&amp#27;[32m2024 01 28 20 01 11 [TestNG-tests-1] INFO : clicking the home page sign in button link
&amp#27;[m&amp#27;[32m2024 01 28 20 01 11 [TestNG-tests-2] INFO : start chrome browser
&amp#27;[m&amp#27;[32m2024 01 28 20 01 11 [TestNG-tests-1] INFO : typing salah2 at user name field
&amp#27;[m&amp#27;[32m2024 01 28 20 01 11 [TestNG-tests-1] INFO : typing dsfx at password field
&amp#27;[m&amp#27;[32m2024 01 28 20 01 12 [TestNG-tests-1] INFO : clicking the login button
&amp#27;[m]]></system-out>
    <system-err><![CDATA[Jan 28, 2024 8:58:11 PM org.openqa.selenium.devtools.CdpVersionFinder findNearestMatch
WARNING: Unable to find an exact match for CDP version 121, returning the closest version; found: 120; Please update to a Selenium version that supports CDP version 121
]]></system-err>
  </testcase>
  <testcase name="failed_login_excel[salah3, vxc](3)" classname="tests.Tests" time="0.0">
    <skipped message="Could not start a new session. Response code 500. Message: session not created: Microsoft Edge failed to start: crashed.&#10;  (session not created: DevToolsActivePort file doesn&apos;t exist)&#10;  (The process started from msedge location C:\Program Files (x86)\Microsoft\Edge\Application\msedge.exe is no longer running, so msedgedriver is assuming that msedge has crashed.) &#10;Host info: host: &apos;DESKTOP-LJUN8GS&apos;, ip: &apos;192.168.1.7&apos;&#10;Build info: version: &apos;4.16.1&apos;, revision: &apos;9b4c83354e&apos;&#10;System info: os.name: &apos;Windows 11&apos;, os.arch: &apos;amd64&apos;, os.version: &apos;10.0&apos;, java.version: &apos;17.0.6&apos;&#10;Driver info: org.openqa.selenium.edge.EdgeDriver&#10;Command: [null, newSession {capabilities=[Capabilities {browserName: MicrosoftEdge, ms:edgeOptions: {args: [--headless, --remote-allow-origins=*, --window-size=1280,800, --disable-gpu, --no-sandbox, --allow-insecure-localhost], binary: C:\Program Files (x86)\Micr..., extensions: []}}]}]"/>
  </testcase>
  <testcase name="failed_login_excel[salah3, vxc](3)" classname="tests.Tests" time="1.702">
    <system-out><![CDATA[&amp#27;[32m2024 01 28 20 01 08 [TestNG-tests-1] INFO : close browser
&amp#27;[m&amp#27;[32m2024 01 28 20 01 08 [TestNG-tests-2] INFO : navigate to https://57191627-master-all.runbot138.odoo.com/
&amp#27;[m&amp#27;[32m2024 01 28 20 01 09 [TestNG-tests-2] INFO : clicking the home page sign in button link
&amp#27;[m&amp#27;[32m2024 01 28 20 01 09 [TestNG-tests-2] INFO : typing salah3 at user name field
&amp#27;[m&amp#27;[32m2024 01 28 20 01 09 [TestNG-tests-2] INFO : typing vxc at password field
&amp#27;[m&amp#27;[32m2024 01 28 20 01 09 [TestNG-tests-1] INFO : start fire fox browser
&amp#27;[m&amp#27;[32m2024 01 28 20 01 10 [TestNG-tests-2] INFO : clicking the login button
&amp#27;[m]]></system-out>
  </testcase>
  <testcase name="failed_login_excel[salah3, vxc](3)" classname="tests.Tests" time="1.022">
    <system-out><![CDATA[&amp#27;[32m2024 01 28 20 01 14 [TestNG-tests-1] INFO : start fire fox browser
&amp#27;[m&amp#27;[32m2024 01 28 20 01 14 [TestNG-tests-2] INFO : close browser
&amp#27;[m&amp#27;[32m2024 01 28 20 01 15 [TestNG-tests-1] INFO : navigate to https://57191627-master-all.runbot138.odoo.com/
&amp#27;[m&amp#27;[32m2024 01 28 20 01 16 [TestNG-tests-1] INFO : clicking the home page sign in button link
&amp#27;[m&amp#27;[32m2024 01 28 20 01 16 [TestNG-tests-1] INFO : typing salah3 at user name field
&amp#27;[m&amp#27;[32m2024 01 28 20 01 16 [TestNG-tests-1] INFO : typing vxc at password field
&amp#27;[m&amp#27;[32m2024 01 28 20 01 16 [TestNG-tests-1] INFO : clicking the login button
&amp#27;[m]]></system-out>
  </testcase>
  <testcase name="successfull_login" classname="tests.Tests" time="0.0">
    <skipped message="Could not start a new session. Response code 500. Message: session not created: Microsoft Edge failed to start: crashed.&#10;  (session not created: DevToolsActivePort file doesn&apos;t exist)&#10;  (The process started from msedge location C:\Program Files (x86)\Microsoft\Edge\Application\msedge.exe is no longer running, so msedgedriver is assuming that msedge has crashed.) &#10;Host info: host: &apos;DESKTOP-LJUN8GS&apos;, ip: &apos;192.168.1.7&apos;&#10;Build info: version: &apos;4.16.1&apos;, revision: &apos;9b4c83354e&apos;&#10;System info: os.name: &apos;Windows 11&apos;, os.arch: &apos;amd64&apos;, os.version: &apos;10.0&apos;, java.version: &apos;17.0.6&apos;&#10;Driver info: org.openqa.selenium.edge.EdgeDriver&#10;Command: [null, newSession {capabilities=[Capabilities {browserName: MicrosoftEdge, ms:edgeOptions: {args: [--headless, --remote-allow-origins=*, --window-size=1280,800, --disable-gpu, --no-sandbox, --allow-insecure-localhost], binary: C:\Program Files (x86)\Micr..., extensions: []}}]}]"/>
  </testcase>
  <testcase name="successfull_login" classname="tests.Tests" time="1.52">
    <system-out><![CDATA[&amp#27;[32m2024 01 28 20 01 12 [TestNG-tests-2] INFO : navigate to https://57191627-master-all.runbot138.odoo.com/
&amp#27;[m&amp#27;[32m2024 01 28 20 01 13 [TestNG-tests-1] INFO : close browser
&amp#27;[m&amp#27;[32m2024 01 28 20 01 13 [TestNG-tests-2] INFO : clicking the home page sign in button link
&amp#27;[m&amp#27;[32m2024 01 28 20 01 13 [TestNG-tests-2] INFO : typing admin at user name field
&amp#27;[m&amp#27;[32m2024 01 28 20 01 13 [TestNG-tests-2] INFO : typing admin at password field
&amp#27;[m&amp#27;[32m2024 01 28 20 01 14 [TestNG-tests-2] INFO : clicking the login button
&amp#27;[m]]></system-out>
  </testcase>
  <testcase name="successfull_login" classname="tests.Tests" time="0.934">
    <system-out><![CDATA[&amp#27;[32m2024 01 28 20 01 17 [TestNG-tests-1] INFO : close browser
&amp#27;[m&amp#27;[32m2024 01 28 20 01 19 [TestNG-tests-1] INFO : start fire fox browser
&amp#27;[m&amp#27;[32m2024 01 28 20 01 20 [TestNG-tests-1] INFO : navigate to https://57191627-master-all.runbot138.odoo.com/
&amp#27;[m&amp#27;[32m2024 01 28 20 01 20 [TestNG-tests-1] INFO : clicking the home page sign in button link
&amp#27;[m&amp#27;[32m2024 01 28 20 01 20 [TestNG-tests-1] INFO : typing admin at user name field
&amp#27;[m&amp#27;[32m2024 01 28 20 01 20 [TestNG-tests-1] INFO : typing admin at password field
&amp#27;[m&amp#27;[32m2024 01 28 20 01 21 [TestNG-tests-1] INFO : clicking the login button
&amp#27;[m]]></system-out>
  </testcase>
</testsuite>