<?xml version="1.0" encoding="UTF-8"?>
<testsuite xmlns:xsi="http://www.w3.org/2001/XMLSchema-instance" xsi:noNamespaceSchemaLocation="https://maven.apache.org/surefire/maven-surefire-plugin/xsd/surefire-test-report-3.0.xsd" version="3.0" name="tests.Tests" time="1.708" tests="30" errors="0" skipped="29" failures="1">
  <properties>
[...]
</properties>
  <testcase name="initialize_browser" classname="tests.Tests" time="0.573">
    <failure message="Unresolved compilation problem: &#10;	browser cannot be resolved&#10;" type="java.lang.Error"><![CDATA[java.lang.Error: 
Unresolved compilation problem: 
	browser cannot be resolved

	at main.Setup.initialize_browser(Setup.java:47)
	at java.base/jdk.internal.reflect.NativeMethodAccessorImpl.invoke0(Native Method)
	at java.base/jdk.internal.reflect.NativeMethodAccessorImpl.invoke(NativeMethodAccessorImpl.java:77)
	at java.base/jdk.internal.reflect.DelegatingMethodAccessorImpl.invoke(DelegatingMethodAccessorImpl.java:43)
	at java.base/java.lang.reflect.Method.invoke(Method.java:568)
	at org.testng.internal.invokers.MethodInvocationHelper.invokeMethod(MethodInvocationHelper.java:139)
	at org.testng.internal.invokers.MethodInvocationHelper.invokeMethodConsideringTimeout(MethodInvocationHelper.java:69)
	at org.testng.internal.invokers.ConfigInvoker.invokeConfigurationMethod(ConfigInvoker.java:393)
	at org.testng.internal.invokers.ConfigInvoker.invokeConfigurations(ConfigInvoker.java:326)
	at org.testng.internal.invokers.TestInvoker.runConfigMethods(TestInvoker.java:810)
	at org.testng.internal.invokers.TestInvoker.invokeMethod(TestInvoker.java:578)
	at org.testng.internal.invokers.TestInvoker.invokeTestMethod(TestInvoker.java:228)
	at org.testng.internal.invokers.MethodRunner.runInSequence(MethodRunner.java:63)
	at org.testng.internal.invokers.TestInvoker$MethodInvocationAgent.invoke(TestInvoker.java:961)
	at org.testng.internal.invokers.TestInvoker.invokeTestMethods(TestInvoker.java:201)
	at org.testng.internal.invokers.TestMethodWorker.invokeTestMethods(TestMethodWorker.java:148)
	at org.testng.internal.invokers.TestMethodWorker.run(TestMethodWorker.java:128)
	at java.base/java.util.ArrayList.forEach(ArrayList.java:1511)
	at org.testng.TestRunner.privateRun(TestRunner.java:819)
	at org.testng.TestRunner.run(TestRunner.java:619)
	at org.testng.SuiteRunner.runTest(SuiteRunner.java:443)
	at org.testng.SuiteRunner.runSequentially(SuiteRunner.java:437)
	at org.testng.SuiteRunner.privateRun(SuiteRunner.java:397)
	at org.testng.SuiteRunner.run(SuiteRunner.java:336)
	at org.testng.SuiteRunnerWorker.runSuite(SuiteRunnerWorker.java:52)
	at org.testng.SuiteRunnerWorker.run(SuiteRunnerWorker.java:95)
	at org.testng.TestNG.runSuitesSequentially(TestNG.java:1301)
	at org.testng.TestNG.runSuitesLocally(TestNG.java:1228)
	at org.testng.TestNG.runSuites(TestNG.java:1134)
	at org.testng.TestNG.run(TestNG.java:1101)
	at org.apache.maven.surefire.testng.TestNGExecutor.run(TestNGExecutor.java:155)
	at org.apache.maven.surefire.testng.TestNGDirectoryTestSuite.executeSingleClass(TestNGDirectoryTestSuite.java:102)
	at org.apache.maven.surefire.testng.TestNGDirectoryTestSuite.execute(TestNGDirectoryTestSuite.java:91)
	at org.apache.maven.surefire.testng.TestNGProvider.invoke(TestNGProvider.java:137)
	at org.apache.maven.surefire.booter.ForkedBooter.runSuitesInProcess(ForkedBooter.java:385)
	at org.apache.maven.surefire.booter.ForkedBooter.execute(ForkedBooter.java:162)
	at org.apache.maven.surefire.booter.ForkedBooter.run(ForkedBooter.java:507)
	at org.apache.maven.surefire.booter.ForkedBooter.main(ForkedBooter.java:495)
]]></failure>
    <system-err><![CDATA[SLF4J: Failed to load class "org.slf4j.impl.StaticLoggerBinder".
SLF4J: Defaulting to no-operation (NOP) logger implementation
SLF4J: See http://www.slf4j.org/codes.html#StaticLoggerBinder for further details.
]]></system-err>
  </testcase>
  <testcase name="initialize_browser" classname="tests.Tests" time="0">
    <skipped/>
  </testcase>
  <testcase name="initialize_browser" classname="tests.Tests" time="0">
    <skipped/>
  </testcase>
  <testcase name="initialize_browser" classname="tests.Tests" time="0">
    <skipped/>
  </testcase>
  <testcase name="initialize_browser" classname="tests.Tests" time="0">
    <skipped/>
  </testcase>
  <testcase name="initialize_browser" classname="tests.Tests" time="0">
    <skipped/>
  </testcase>
  <testcase name="initialize_browser" classname="tests.Tests" time="0">
    <skipped/>
  </testcase>
  <testcase name="initialize_browser" classname="tests.Tests" time="0">
    <skipped/>
  </testcase>
  <testcase name="initialize_browser" classname="tests.Tests" time="0">
    <skipped/>
  </testcase>
  <testcase name="initialize_browser" classname="tests.Tests" time="0">
    <skipped/>
  </testcase>
  <testcase name="failed_json_login[21,hhj](1)" classname="tests.Tests" time="0">
    <skipped message="Unresolved compilation problem: &#10;	browser cannot be resolved&#10;"/>
  </testcase>
  <testcase name="close_browser" classname="tests.Tests" time="0">
    <skipped/>
  </testcase>
  <testcase name="close_browser" classname="tests.Tests" time="0">
    <skipped/>
  </testcase>
  <testcase name="close_browser" classname="tests.Tests" time="0">
    <skipped/>
  </testcase>
  <testcase name="close_browser" classname="tests.Tests" time="0">
    <skipped/>
  </testcase>
  <testcase name="close_browser" classname="tests.Tests" time="0">
    <skipped/>
  </testcase>
  <testcase name="close_browser" classname="tests.Tests" time="0">
    <skipped/>
  </testcase>
  <testcase name="close_browser" classname="tests.Tests" time="0">
    <skipped/>
  </testcase>
  <testcase name="close_browser" classname="tests.Tests" time="0">
    <skipped/>
  </testcase>
  <testcase name="close_browser" classname="tests.Tests" time="0">
    <skipped/>
  </testcase>
  <testcase name="close_browser" classname="tests.Tests" time="0">
    <skipped/>
  </testcase>
  <testcase name="failed_json_login[,43dffdf](2)" classname="tests.Tests" time="0">
    <skipped message="Unresolved compilation problem: &#10;	browser cannot be resolved&#10;"/>
  </testcase>
  <testcase name="failed_json_login[gd,4dsfxvcz](3)" classname="tests.Tests" time="0">
    <skipped message="Unresolved compilation problem: &#10;	browser cannot be resolved&#10;"/>
  </testcase>
  <testcase name="failed_json_login[n kn,435](4)" classname="tests.Tests" time="0">
    <skipped message="Unresolved compilation problem: &#10;	browser cannot be resolved&#10;"/>
  </testcase>
  <testcase name="failed_login[jk, ljnm](1)" classname="tests.Tests" time="0">
    <skipped message="Unresolved compilation problem: &#10;	browser cannot be resolved&#10;"/>
  </testcase>
  <testcase name="failed_login[sjd, sdfkj](2)" classname="tests.Tests" time="0">
    <skipped message="Unresolved compilation problem: &#10;	browser cannot be resolved&#10;"/>
  </testcase>
  <testcase name="failed_login_excel[salah1, efsd](1)" classname="tests.Tests" time="0">
    <skipped message="Unresolved compilation problem: &#10;	browser cannot be resolved&#10;"/>
  </testcase>
  <testcase name="failed_login_excel[salah2, dsfx](2)" classname="tests.Tests" time="0">
    <skipped message="Unresolved compilation problem: &#10;	browser cannot be resolved&#10;"/>
  </testcase>
  <testcase name="failed_login_excel[salah3, vxc](3)" classname="tests.Tests" time="0">
    <skipped message="Unresolved compilation problem: &#10;	browser cannot be resolved&#10;"/>
  </testcase>
  <testcase name="successfull_login" classname="tests.Tests" time="0">
    <skipped message="Unresolved compilation problem: &#10;	browser cannot be resolved&#10;"/>
  </testcase>
</testsuite>