<?xml version="1.0" encoding="UTF-8"?>
<testng-results ignored="1" total="5" passed="4" failed="0" skipped="0">
  <reporter-output>
  </reporter-output>
  <suite started-at="2024-01-25T14:22:02 EET" name="Default suite" finished-at="2024-01-25T14:22:30 EET" duration-ms="28110">
    <groups>
    </groups>
    <test started-at="2024-01-25T14:22:02 EET" name="Default test" finished-at="2024-01-25T14:22:30 EET" duration-ms="28110">
      <class name="tests.Tests">
        <test-method is-config="true" signature="initialize_browser()[pri:0, instance:tests.Tests@36b4091c]" started-at="2024-01-25T14:22:02 EET" name="initialize_browser" finished-at="2024-01-25T14:22:08 EET" duration-ms="6060" status="PASS">
          <reporter-output>
          </reporter-output>
        </test-method> <!-- initialize_browser -->
        <test-method signature="failed_login(java.lang.String)[pri:0, instance:tests.Tests@36b4091c]" started-at="2024-01-25T14:22:08 EET" name="failed_login" data-provider="wrongdata2" finished-at="2024-01-25T14:22:11 EET" duration-ms="3298" status="PASS">
          <params>
            <param index="0">
              <value>
                <![CDATA[12,34]]>
              </value>
            </param>
          </params>
          <reporter-output>
          </reporter-output>
        </test-method> <!-- failed_login -->
        <test-method is-config="true" signature="close_browser()[pri:0, instance:tests.Tests@36b4091c]" started-at="2024-01-25T14:22:11 EET" name="close_browser" finished-at="2024-01-25T14:22:13 EET" duration-ms="1242" status="PASS">
          <reporter-output>
          </reporter-output>
        </test-method> <!-- close_browser -->
        <test-method is-config="true" signature="initialize_browser()[pri:0, instance:tests.Tests@36b4091c]" started-at="2024-01-25T14:22:13 EET" name="initialize_browser" finished-at="2024-01-25T14:22:15 EET" duration-ms="2408" status="PASS">
          <reporter-output>
          </reporter-output>
        </test-method> <!-- initialize_browser -->
        <test-method signature="failed_login(java.lang.String)[pri:0, instance:tests.Tests@36b4091c]" started-at="2024-01-25T14:22:15 EET" name="failed_login" data-provider="wrongdata2" finished-at="2024-01-25T14:22:17 EET" duration-ms="2507" status="PASS">
          <params>
            <param index="0">
              <value>
                <![CDATA[12, ]]>
              </value>
            </param>
          </params>
          <reporter-output>
          </reporter-output>
        </test-method> <!-- failed_login -->
        <test-method is-config="true" signature="close_browser()[pri:0, instance:tests.Tests@36b4091c]" started-at="2024-01-25T14:22:17 EET" name="close_browser" finished-at="2024-01-25T14:22:19 EET" duration-ms="1360" status="PASS">
          <reporter-output>
          </reporter-output>
        </test-method> <!-- close_browser -->
        <test-method is-config="true" signature="initialize_browser()[pri:0, instance:tests.Tests@36b4091c]" started-at="2024-01-25T14:22:19 EET" name="initialize_browser" finished-at="2024-01-25T14:22:21 EET" duration-ms="2219" status="PASS">
          <reporter-output>
          </reporter-output>
        </test-method> <!-- initialize_browser -->
        <test-method signature="failed_login(java.lang.String)[pri:0, instance:tests.Tests@36b4091c]" started-at="2024-01-25T14:22:21 EET" name="failed_login" data-provider="wrongdata2" finished-at="2024-01-25T14:22:24 EET" duration-ms="2462" status="PASS">
          <params>
            <param index="0">
              <value>
                <![CDATA[ ,34]]>
              </value>
            </param>
          </params>
          <reporter-output>
          </reporter-output>
        </test-method> <!-- failed_login -->
        <test-method is-config="true" signature="close_browser()[pri:0, instance:tests.Tests@36b4091c]" started-at="2024-01-25T14:22:24 EET" name="close_browser" finished-at="2024-01-25T14:22:24 EET" duration-ms="348" status="PASS">
          <reporter-output>
          </reporter-output>
        </test-method> <!-- close_browser -->
        <test-method is-config="true" signature="initialize_browser()[pri:0, instance:tests.Tests@36b4091c]" started-at="2024-01-25T14:22:24 EET" name="initialize_browser" finished-at="2024-01-25T14:22:26 EET" duration-ms="2174" status="PASS">
          <reporter-output>
          </reporter-output>
        </test-method> <!-- initialize_browser -->
        <test-method signature="failed_login(java.lang.String)[pri:0, instance:tests.Tests@36b4091c]" started-at="2024-01-25T14:22:26 EET" name="failed_login" data-provider="wrongdata2" finished-at="2024-01-25T14:22:29 EET" duration-ms="2511" status="PASS">
          <params>
            <param index="0">
              <value>
                <![CDATA[ , ]]>
              </value>
            </param>
          </params>
          <reporter-output>
          </reporter-output>
        </test-method> <!-- failed_login -->
        <test-method is-config="true" signature="close_browser()[pri:0, instance:tests.Tests@36b4091c]" started-at="2024-01-25T14:22:29 EET" name="close_browser" finished-at="2024-01-25T14:22:30 EET" duration-ms="1248" status="PASS">
          <reporter-output>
          </reporter-output>
        </test-method> <!-- close_browser -->
      </class> <!-- tests.Tests -->
    </test> <!-- Default test -->
  </suite> <!-- Default suite -->
</testng-results>
